TN:
SF:src\Trabalho01Turma01.js
FN:6,(anonymous_0)
FN:17,(anonymous_1)
FN:29,(anonymous_2)
FN:30,(anonymous_3)
FN:39,(anonymous_4)
FN:40,(anonymous_5)
FN:50,(anonymous_6)
FN:51,(anonymous_7)
FN:61,(anonymous_8)
FN:69,(anonymous_9)
FN:78,(anonymous_10)
FN:89,(anonymous_11)
FN:90,(anonymous_12)
FN:97,(anonymous_13)
FN:98,(anonymous_14)
FN:105,(anonymous_15)
FN:106,(anonymous_16)
FN:115,(anonymous_17)
FN:116,(anonymous_18)
FN:125,(anonymous_19)
FN:139,(anonymous_20)
FN:142,(anonymous_21)
FN:151,(anonymous_22)
FN:152,(anonymous_23)
FN:160,(anonymous_24)
FN:161,(anonymous_25)
FN:170,(anonymous_26)
FN:182,(anonymous_27)
FN:183,(anonymous_28)
FN:191,(anonymous_29)
FN:192,(anonymous_30)
FN:198,(anonymous_31)
FN:199,(anonymous_32)
FN:209,(anonymous_33)
FN:219,(anonymous_34)
FN:220,(anonymous_35)
FN:226,(anonymous_36)
FN:227,(anonymous_37)
FNF:38
FNH:38
FNDA:30,(anonymous_0)
FNDA:45,(anonymous_1)
FNDA:2,(anonymous_2)
FNDA:4,(anonymous_3)
FNDA:17,(anonymous_4)
FNDA:14,(anonymous_5)
FNDA:1,(anonymous_6)
FNDA:1,(anonymous_7)
FNDA:5,(anonymous_8)
FNDA:1,(anonymous_9)
FNDA:3,(anonymous_10)
FNDA:1,(anonymous_11)
FNDA:2,(anonymous_12)
FNDA:1,(anonymous_13)
FNDA:2,(anonymous_14)
FNDA:1,(anonymous_15)
FNDA:2,(anonymous_16)
FNDA:1,(anonymous_17)
FNDA:1,(anonymous_18)
FNDA:1,(anonymous_19)
FNDA:1,(anonymous_20)
FNDA:2,(anonymous_21)
FNDA:1,(anonymous_22)
FNDA:2,(anonymous_23)
FNDA:2,(anonymous_24)
FNDA:3,(anonymous_25)
FNDA:1,(anonymous_26)
FNDA:1,(anonymous_27)
FNDA:2,(anonymous_28)
FNDA:1,(anonymous_29)
FNDA:3,(anonymous_30)
FNDA:1,(anonymous_31)
FNDA:2,(anonymous_32)
FNDA:1,(anonymous_33)
FNDA:1,(anonymous_34)
FNDA:3,(anonymous_35)
FNDA:1,(anonymous_36)
FNDA:3,(anonymous_37)
DA:7,30
DA:18,45
DA:19,2
DA:21,43
DA:30,4
DA:40,17
DA:51,1
DA:52,1
DA:53,1
DA:62,5
DA:70,1
DA:79,3
DA:80,3
DA:81,1
DA:90,2
DA:98,2
DA:106,2
DA:116,1
DA:126,1
DA:127,1
DA:128,1
DA:129,1
DA:140,1
DA:141,1
DA:142,2
DA:152,2
DA:161,3
DA:171,1
DA:172,1
DA:173,1
DA:183,2
DA:192,3
DA:199,1
DA:200,2
DA:210,1
DA:211,1
DA:212,1
DA:220,3
DA:227,3
DA:231,1
LF:40
LH:40
BRDA:18,0,0,2
BRDA:18,0,1,43
BRDA:52,1,0,1
BRDA:52,1,1,0
BRDA:80,2,0,1
BRDA:80,2,1,2
BRDA:127,3,0,1
BRDA:127,3,1,0
BRDA:128,4,0,1
BRDA:128,4,1,1
BRDA:141,5,0,1
BRDA:141,5,1,0
BRDA:141,6,0,1
BRDA:141,6,1,1
BRDA:152,7,0,2
BRDA:152,7,1,2
BRDA:172,8,0,1
BRDA:172,8,1,0
BRDA:211,9,0,1
BRDA:211,9,1,0
BRF:20
BRH:15
end_of_record
TN:
SF:src\anagram.js
FN:1,(anonymous_0)
FN:5,formatStr
FNF:2
FNH:2
FNDA:2,(anonymous_0)
FNDA:4,formatStr
DA:1,1
DA:2,2
DA:6,4
DA:9,1
LF:4
LH:4
BRF:0
BRH:0
end_of_record
TN:
SF:src\banco.js
FN:2,(anonymous_0)
FN:9,(anonymous_1)
FN:16,(anonymous_2)
FN:26,(anonymous_3)
FN:33,(anonymous_4)
FN:38,(anonymous_5)
FN:43,(anonymous_6)
FN:48,(anonymous_7)
FN:56,(anonymous_8)
FN:64,(anonymous_9)
FN:71,(anonymous_10)
FN:73,(anonymous_11)
FN:74,(anonymous_12)
FNF:13
FNH:5
FNDA:8,(anonymous_0)
FNDA:2,(anonymous_1)
FNDA:3,(anonymous_2)
FNDA:1,(anonymous_3)
FNDA:4,(anonymous_4)
FNDA:0,(anonymous_5)
FNDA:0,(anonymous_6)
FNDA:0,(anonymous_7)
FNDA:0,(anonymous_8)
FNDA:0,(anonymous_9)
FNDA:0,(anonymous_10)
FNDA:0,(anonymous_11)
FNDA:0,(anonymous_12)
DA:3,8
DA:4,8
DA:5,8
DA:10,2
DA:11,2
DA:12,2
DA:17,3
DA:18,1
DA:20,2
DA:21,2
DA:22,2
DA:27,1
DA:28,1
DA:29,1
DA:34,4
DA:39,0
DA:44,0
DA:49,0
DA:50,0
DA:52,0
DA:57,0
DA:58,0
DA:59,0
DA:60,0
DA:65,0
DA:66,0
DA:67,0
DA:72,0
DA:73,0
DA:74,0
DA:79,1
LF:31
LH:16
BRDA:2,0,0,4
BRDA:17,1,0,1
BRDA:17,1,1,2
BRDA:49,2,0,0
BRDA:49,2,1,0
BRF:5
BRH:3
end_of_record
TN:
SF:src\calculator.js
FN:1,(anonymous_0)
FN:5,(anonymous_1)
FN:9,(anonymous_2)
FN:13,(anonymous_3)
FNF:4
FNH:4
FNDA:2,(anonymous_0)
FNDA:1,(anonymous_1)
FNDA:1,(anonymous_2)
FNDA:1,(anonymous_3)
DA:1,1
DA:2,2
DA:5,1
DA:6,1
DA:9,1
DA:10,1
DA:13,1
DA:14,1
DA:17,1
LF:9
LH:9
BRF:0
BRH:0
end_of_record
TN:
SF:src\carro.js
FN:2,(anonymous_0)
FN:9,(anonymous_1)
FN:15,(anonymous_2)
FNF:3
FNH:3
FNDA:5,(anonymous_0)
FNDA:3,(anonymous_1)
FNDA:2,(anonymous_2)
DA:3,5
DA:4,5
DA:5,5
DA:6,5
DA:10,3
DA:11,2
DA:16,2
DA:20,1
LF:8
LH:8
BRDA:10,0,0,2
BRDA:10,0,1,1
BRF:2
BRH:2
end_of_record
TN:
SF:src\cnh.js
FN:1,(anonymous_0)
FNF:1
FNH:1
FNDA:2,(anonymous_0)
DA:1,1
DA:2,2
DA:5,1
LF:3
LH:3
BRF:0
BRH:0
end_of_record
TN:
SF:src\lista.js
FN:2,(anonymous_0)
FN:6,(anonymous_1)
FN:10,(anonymous_2)
FN:18,(anonymous_3)
FNF:4
FNH:4
FNDA:4,(anonymous_0)
FNDA:8,(anonymous_1)
FNDA:3,(anonymous_2)
FNDA:2,(anonymous_3)
DA:3,4
DA:7,8
DA:11,3
DA:12,3
DA:13,2
DA:15,1
DA:19,2
DA:23,1
LF:8
LH:8
BRDA:12,0,0,2
BRDA:12,0,1,1
BRF:2
BRH:2
end_of_record
TN:
SF:src\pessoa.js
FN:2,(anonymous_0)
FN:7,(anonymous_1)
FN:11,(anonymous_2)
FNF:3
FNH:3
FNDA:4,(anonymous_0)
FNDA:2,(anonymous_1)
FNDA:2,(anonymous_2)
DA:3,4
DA:4,4
DA:8,2
DA:12,2
DA:16,1
LF:5
LH:5
BRF:0
BRH:0
end_of_record
